
> frontend@0.1.0 start
> react-scripts start

Starting the development server...

Compiled successfully!

You can now view frontend in the browser.

  Local:            http://localhost:3000
  On Your Network:  http://192.168.1.6:3000

Note that the development build is not optimized.
To create a production build, use npm run build.

webpack compiled [1m[32msuccessfully[39m[22m
No issues found.
Compiling...
Failed to compile.

Syntax error: C:\Users\asmit\OneDrive\Desktop\RISKPULSE\frontend\src\index.css The `dark:bg-dark-800` class does not exist. If `dark:bg-dark-800` is a custom class, make sure it is defined within a `@layer` directive. (12:3)
 [90m 10 | [39m
 [90m 11 | [39mbody [33m{[39m
[1m[31m>[39m[22m[90m 12 | [39m  [36m@apply[39m bg-[33m[[39m[35m#f5f5f7[39m[33m][39m font-sans text-slate-900 antialiased transition-colors duration-300 dark[33m:[39mbg-dark-800 dark[33m:[39mtext-white[33m;[39m
 [90m    | [39m  [1m[31m^[39m[22m
 [90m 13 | [39m  margin[33m:[39m 0[33m;[39m
 [90m 14 | [39m[33m}[39m
[1m[31mERROR[39m[22m in [1m./src/index.css[39m[22m (./node_modules/css-loader/dist/cjs.js??ruleSet[1].rules[1].oneOf[5].use[1]!./node_modules/postcss-loader/dist/cjs.js??ruleSet[1].rules[1].oneOf[5].use[2]!./node_modules/source-map-loader/dist/cjs.js!./src/index.css)
Module build failed (from ./node_modules/postcss-loader/dist/cjs.js):
SyntaxError

(12:3) C:\Users\asmit\OneDrive\Desktop\RISKPULSE\frontend\src\index.css The `dark:bg-dark-800` class does not exist. If `dark:bg-dark-800` is a custom class, make sure it is defined within a `@layer` directive.

 [90m 10 | [39m
 [90m 11 | [39mbody [33m{[39m
[1m[31m>[39m[22m[90m 12 | [39m  [36m@apply[39m bg-[33m[[39m[35m#f5f5f7[39m[33m][39m font-sans text-slate-900 antialiased transition-colors duration-300 dark[33m:[39mbg-dark-800 dark[33m:[39mtext-white[33m;[39m
 [90m    | [39m  [1m[31m^[39m[22m
 [90m 13 | [39m  margin[33m:[39m 0[33m;[39m
 [90m 14 | [39m[33m}[39m

webpack compiled with [1m[31m1 error[39m[22m
No issues found.
Compiling...
Failed to compile.

Syntax error: C:\Users\asmit\OneDrive\Desktop\RISKPULSE\frontend\src\index.css The `dark:bg-dark-800` class does not exist. If `dark:bg-dark-800` is a custom class, make sure it is defined within a `@layer` directive. (12:3)
 [90m 10 | [39m
 [90m 11 | [39mbody [33m{[39m
[1m[31m>[39m[22m[90m 12 | [39m  [36m@apply[39m bg-[33m[[39m[35m#f5f5f7[39m[33m][39m font-sans text-slate-900 antialiased transition-colors duration-300 dark[33m:[39mbg-dark-800 dark[33m:[39mtext-white[33m;[39m
 [90m    | [39m  [1m[31m^[39m[22m
 [90m 13 | [39m  margin[33m:[39m 0[33m;[39m
 [90m 14 | [39m[33m}[39m
[1m[31mERROR[39m[22m in [1m./src/index.css[39m[22m (./node_modules/css-loader/dist/cjs.js??ruleSet[1].rules[1].oneOf[5].use[1]!./node_modules/postcss-loader/dist/cjs.js??ruleSet[1].rules[1].oneOf[5].use[2]!./node_modules/source-map-loader/dist/cjs.js!./src/index.css)
Module build failed (from ./node_modules/postcss-loader/dist/cjs.js):
SyntaxError

(12:3) C:\Users\asmit\OneDrive\Desktop\RISKPULSE\frontend\src\index.css The `dark:bg-dark-800` class does not exist. If `dark:bg-dark-800` is a custom class, make sure it is defined within a `@layer` directive.

 [90m 10 | [39m
 [90m 11 | [39mbody [33m{[39m
[1m[31m>[39m[22m[90m 12 | [39m  [36m@apply[39m bg-[33m[[39m[35m#f5f5f7[39m[33m][39m font-sans text-slate-900 antialiased transition-colors duration-300 dark[33m:[39mbg-dark-800 dark[33m:[39mtext-white[33m;[39m
 [90m    | [39m  [1m[31m^[39m[22m
 [90m 13 | [39m  margin[33m:[39m 0[33m;[39m
 [90m 14 | [39m[33m}[39m

webpack compiled with [1m[31m1 error[39m[22m
No issues found.
Compiling...
Failed to compile.

Syntax error: C:\Users\asmit\OneDrive\Desktop\RISKPULSE\frontend\src\index.css The `dark:bg-dark-800` class does not exist. If `dark:bg-dark-800` is a custom class, make sure it is defined within a `@layer` directive. (12:3)
 [90m 10 | [39m
 [90m 11 | [39mbody [33m{[39m
[1m[31m>[39m[22m[90m 12 | [39m  [36m@apply[39m bg-[33m[[39m[35m#f5f5f7[39m[33m][39m font-sans text-slate-900 antialiased transition-colors duration-300 dark[33m:[39mbg-dark-800 dark[33m:[39mtext-white[33m;[39m
 [90m    | [39m  [1m[31m^[39m[22m
 [90m 13 | [39m  margin[33m:[39m 0[33m;[39m
 [90m 14 | [39m[33m}[39m
[1m[31mERROR[39m[22m in [1m./src/index.css[39m[22m (./node_modules/css-loader/dist/cjs.js??ruleSet[1].rules[1].oneOf[5].use[1]!./node_modules/postcss-loader/dist/cjs.js??ruleSet[1].rules[1].oneOf[5].use[2]!./node_modules/source-map-loader/dist/cjs.js!./src/index.css)
Module build failed (from ./node_modules/postcss-loader/dist/cjs.js):
SyntaxError

(12:3) C:\Users\asmit\OneDrive\Desktop\RISKPULSE\frontend\src\index.css The `dark:bg-dark-800` class does not exist. If `dark:bg-dark-800` is a custom class, make sure it is defined within a `@layer` directive.

 [90m 10 | [39m
 [90m 11 | [39mbody [33m{[39m
[1m[31m>[39m[22m[90m 12 | [39m  [36m@apply[39m bg-[33m[[39m[35m#f5f5f7[39m[33m][39m font-sans text-slate-900 antialiased transition-colors duration-300 dark[33m:[39mbg-dark-800 dark[33m:[39mtext-white[33m;[39m
 [90m    | [39m  [1m[31m^[39m[22m
 [90m 13 | [39m  margin[33m:[39m 0[33m;[39m
 [90m 14 | [39m[33m}[39m

webpack compiled with [1m[31m1 error[39m[22m
Files successfully emitted, waiting for typecheck results...
Issues checking in progress...
No issues found.
Compiling...
Failed to compile.

Syntax error: C:\Users\asmit\OneDrive\Desktop\RISKPULSE\frontend\src\index.css The `dark:bg-dark-800` class does not exist. If `dark:bg-dark-800` is a custom class, make sure it is defined within a `@layer` directive. (12:3)
 [90m 10 | [39m
 [90m 11 | [39mbody [33m{[39m
[1m[31m>[39m[22m[90m 12 | [39m  [36m@apply[39m bg-[33m[[39m[35m#f5f5f7[39m[33m][39m font-sans text-slate-900 antialiased transition-colors duration-300 dark[33m:[39mbg-dark-800 dark[33m:[39mtext-white[33m;[39m
 [90m    | [39m  [1m[31m^[39m[22m
 [90m 13 | [39m  margin[33m:[39m 0[33m;[39m
 [90m 14 | [39m[33m}[39m
[1m[31mERROR[39m[22m in [1m./src/index.css[39m[22m (./node_modules/css-loader/dist/cjs.js??ruleSet[1].rules[1].oneOf[5].use[1]!./node_modules/postcss-loader/dist/cjs.js??ruleSet[1].rules[1].oneOf[5].use[2]!./node_modules/source-map-loader/dist/cjs.js!./src/index.css)
Module build failed (from ./node_modules/postcss-loader/dist/cjs.js):
SyntaxError

(12:3) C:\Users\asmit\OneDrive\Desktop\RISKPULSE\frontend\src\index.css The `dark:bg-dark-800` class does not exist. If `dark:bg-dark-800` is a custom class, make sure it is defined within a `@layer` directive.

 [90m 10 | [39m
 [90m 11 | [39mbody [33m{[39m
[1m[31m>[39m[22m[90m 12 | [39m  [36m@apply[39m bg-[33m[[39m[35m#f5f5f7[39m[33m][39m font-sans text-slate-900 antialiased transition-colors duration-300 dark[33m:[39mbg-dark-800 dark[33m:[39mtext-white[33m;[39m
 [90m    | [39m  [1m[31m^[39m[22m
 [90m 13 | [39m  margin[33m:[39m 0[33m;[39m
 [90m 14 | [39m[33m}[39m

webpack compiled with [1m[31m1 error[39m[22m
No issues found.
Compiling...
Failed to compile.

Syntax error: C:\Users\asmit\OneDrive\Desktop\RISKPULSE\frontend\src\index.css The `dark:bg-dark-800` class does not exist. If `dark:bg-dark-800` is a custom class, make sure it is defined within a `@layer` directive. (12:3)
 [90m 10 | [39m
 [90m 11 | [39mbody [33m{[39m
[1m[31m>[39m[22m[90m 12 | [39m  [36m@apply[39m bg-[33m[[39m[35m#f5f5f7[39m[33m][39m font-sans text-slate-900 antialiased transition-colors duration-300 dark[33m:[39mbg-dark-800 dark[33m:[39mtext-white[33m;[39m
 [90m    | [39m  [1m[31m^[39m[22m
 [90m 13 | [39m  margin[33m:[39m 0[33m;[39m
 [90m 14 | [39m[33m}[39m
[1m[31mERROR[39m[22m in [1m./src/index.css[39m[22m (./node_modules/css-loader/dist/cjs.js??ruleSet[1].rules[1].oneOf[5].use[1]!./node_modules/postcss-loader/dist/cjs.js??ruleSet[1].rules[1].oneOf[5].use[2]!./node_modules/source-map-loader/dist/cjs.js!./src/index.css)
Module build failed (from ./node_modules/postcss-loader/dist/cjs.js):
SyntaxError

(12:3) C:\Users\asmit\OneDrive\Desktop\RISKPULSE\frontend\src\index.css The `dark:bg-dark-800` class does not exist. If `dark:bg-dark-800` is a custom class, make sure it is defined within a `@layer` directive.

 [90m 10 | [39m
 [90m 11 | [39mbody [33m{[39m
[1m[31m>[39m[22m[90m 12 | [39m  [36m@apply[39m bg-[33m[[39m[35m#f5f5f7[39m[33m][39m font-sans text-slate-900 antialiased transition-colors duration-300 dark[33m:[39mbg-dark-800 dark[33m:[39mtext-white[33m;[39m
 [90m    | [39m  [1m[31m^[39m[22m
 [90m 13 | [39m  margin[33m:[39m 0[33m;[39m
 [90m 14 | [39m[33m}[39m

webpack compiled with [1m[31m1 error[39m[22m
Files successfully emitted, waiting for typecheck results...
Issues checking in progress...
No issues found.
Compiling...
Failed to compile.

Syntax error: C:\Users\asmit\OneDrive\Desktop\RISKPULSE\frontend\src\index.css The `dark:bg-dark-800` class does not exist. If `dark:bg-dark-800` is a custom class, make sure it is defined within a `@layer` directive. (12:3)
 [90m 10 | [39m
 [90m 11 | [39mbody [33m{[39m
[1m[31m>[39m[22m[90m 12 | [39m  [36m@apply[39m bg-[33m[[39m[35m#f5f5f7[39m[33m][39m font-sans text-slate-900 antialiased transition-colors duration-300 dark[33m:[39mbg-dark-800 dark[33m:[39mtext-white[33m;[39m
 [90m    | [39m  [1m[31m^[39m[22m
 [90m 13 | [39m  margin[33m:[39m 0[33m;[39m
 [90m 14 | [39m[33m}[39m
[1m[31mERROR[39m[22m in [1m./src/index.css[39m[22m (./node_modules/css-loader/dist/cjs.js??ruleSet[1].rules[1].oneOf[5].use[1]!./node_modules/postcss-loader/dist/cjs.js??ruleSet[1].rules[1].oneOf[5].use[2]!./node_modules/source-map-loader/dist/cjs.js!./src/index.css)
Module build failed (from ./node_modules/postcss-loader/dist/cjs.js):
SyntaxError

(12:3) C:\Users\asmit\OneDrive\Desktop\RISKPULSE\frontend\src\index.css The `dark:bg-dark-800` class does not exist. If `dark:bg-dark-800` is a custom class, make sure it is defined within a `@layer` directive.

 [90m 10 | [39m
 [90m 11 | [39mbody [33m{[39m
[1m[31m>[39m[22m[90m 12 | [39m  [36m@apply[39m bg-[33m[[39m[35m#f5f5f7[39m[33m][39m font-sans text-slate-900 antialiased transition-colors duration-300 dark[33m:[39mbg-dark-800 dark[33m:[39mtext-white[33m;[39m
 [90m    | [39m  [1m[31m^[39m[22m
 [90m 13 | [39m  margin[33m:[39m 0[33m;[39m
 [90m 14 | [39m[33m}[39m

webpack compiled with [1m[31m1 error[39m[22m
No issues found.
Compiling...
Failed to compile.

Syntax error: C:\Users\asmit\OneDrive\Desktop\RISKPULSE\frontend\src\index.css The `dark:bg-dark-800` class does not exist. If `dark:bg-dark-800` is a custom class, make sure it is defined within a `@layer` directive. (12:3)
 [90m 10 | [39m
 [90m 11 | [39mbody [33m{[39m
[1m[31m>[39m[22m[90m 12 | [39m  [36m@apply[39m bg-[33m[[39m[35m#f5f5f7[39m[33m][39m font-sans text-slate-900 antialiased transition-colors duration-300 dark[33m:[39mbg-dark-800 dark[33m:[39mtext-white[33m;[39m
 [90m    | [39m  [1m[31m^[39m[22m
 [90m 13 | [39m  margin[33m:[39m 0[33m;[39m
 [90m 14 | [39m[33m}[39m
[1m[31mERROR[39m[22m in [1m./src/index.css[39m[22m (./node_modules/css-loader/dist/cjs.js??ruleSet[1].rules[1].oneOf[5].use[1]!./node_modules/postcss-loader/dist/cjs.js??ruleSet[1].rules[1].oneOf[5].use[2]!./node_modules/source-map-loader/dist/cjs.js!./src/index.css)
Module build failed (from ./node_modules/postcss-loader/dist/cjs.js):
SyntaxError

(12:3) C:\Users\asmit\OneDrive\Desktop\RISKPULSE\frontend\src\index.css The `dark:bg-dark-800` class does not exist. If `dark:bg-dark-800` is a custom class, make sure it is defined within a `@layer` directive.

 [90m 10 | [39m
 [90m 11 | [39mbody [33m{[39m
[1m[31m>[39m[22m[90m 12 | [39m  [36m@apply[39m bg-[33m[[39m[35m#f5f5f7[39m[33m][39m font-sans text-slate-900 antialiased transition-colors duration-300 dark[33m:[39mbg-dark-800 dark[33m:[39mtext-white[33m;[39m
 [90m    | [39m  [1m[31m^[39m[22m
 [90m 13 | [39m  margin[33m:[39m 0[33m;[39m
 [90m 14 | [39m[33m}[39m

webpack compiled with [1m[31m1 error[39m[22m
Files successfully emitted, waiting for typecheck results...
Issues checking in progress...
No issues found.
